2016-03-21 21:46:41,159 main ERROR factory.FallbackAwareWroModelFactory - Error while creating the model
ro.isdc.wro.WroRuntimeException: Cannot find XML to parse
	at ro.isdc.wro.model.factory.XmlModelFactory.getInstance(XmlModelFactory.java:142)
	at ro.isdc.wro.model.factory.WroModelFactoryDecorator.getInstance(WroModelFactoryDecorator.java:29)
	at ro.isdc.wro.model.factory.FallbackAwareWroModelFactory.getInstance(FallbackAwareWroModelFactory.java:48)
	at ro.isdc.wro.model.factory.WroModelFactoryDecorator.getInstance(WroModelFactoryDecorator.java:29)
	at ro.isdc.wro.model.factory.ScheduledWroModelFactory.getInstance(ScheduledWroModelFactory.java:56)
	at ro.isdc.wro.manager.WroManager.getContentHashEntry(WroManager.java:261)
	at ro.isdc.wro.manager.WroManager.buildGroupsInputStream(WroManager.java:181)
	at ro.isdc.wro.manager.WroManager.process(WroManager.java:121)
	at ro.isdc.wro.maven.plugin.Wro4jMojo.processGroup(Wro4jMojo.java:198)
	at ro.isdc.wro.maven.plugin.Wro4jMojo.doExecute(Wro4jMojo.java:121)
	at ro.isdc.wro.maven.plugin.AbstractWro4jMojo.execute(AbstractWro4jMojo.java:88)
	at org.apache.maven.plugin.DefaultPluginManager.executeMojo(DefaultPluginManager.java:490)
	at org.apache.maven.lifecycle.DefaultLifecycleExecutor.executeGoals(DefaultLifecycleExecutor.java:694)
	at org.apache.maven.lifecycle.DefaultLifecycleExecutor.executeGoalWithLifecycle(DefaultLifecycleExecutor.java:556)
	at org.apache.maven.lifecycle.DefaultLifecycleExecutor.executeGoal(DefaultLifecycleExecutor.java:535)
	at org.apache.maven.lifecycle.DefaultLifecycleExecutor.executeGoalAndHandleFailures(DefaultLifecycleExecutor.java:387)
	at org.apache.maven.lifecycle.DefaultLifecycleExecutor.executeTaskSegments(DefaultLifecycleExecutor.java:348)
	at org.apache.maven.lifecycle.DefaultLifecycleExecutor.execute(DefaultLifecycleExecutor.java:180)
	at org.apache.maven.DefaultMaven.doExecute(DefaultMaven.java:328)
	at org.apache.maven.DefaultMaven.execute(DefaultMaven.java:138)
	at org.apache.maven.cli.MavenCli.main(MavenCli.java:362)
	at org.apache.maven.cli.compat.CompatibleMain.main(CompatibleMain.java:60)
	at sun.reflect.NativeMethodAccessorImpl.invoke0(Native Method)
	at sun.reflect.NativeMethodAccessorImpl.invoke(NativeMethodAccessorImpl.java:57)
	at sun.reflect.DelegatingMethodAccessorImpl.invoke(DelegatingMethodAccessorImpl.java:43)
	at java.lang.reflect.Method.invoke(Method.java:606)
	at org.codehaus.classworlds.Launcher.launchEnhanced(Launcher.java:315)
	at org.codehaus.classworlds.Launcher.launch(Launcher.java:255)
	at org.codehaus.classworlds.Launcher.mainWithExitCode(Launcher.java:430)
	at org.codehaus.classworlds.Launcher.main(Launcher.java:375)
Caused by: java.io.FileNotFoundException: /home/innoeye/apache-tomcat-7.0.59/webapps/REPO/headstartdemo/headstartdemo/1.0/headstartdemo/src/main/webapp/WEB-INF/wro.xml (No such file or directory)
	at java.io.FileInputStream.open(Native Method)
	at java.io.FileInputStream.<init>(FileInputStream.java:146)
	at ro.isdc.wro.manager.factory.standalone.DefaultStandaloneContextAwareManagerFactory$2.getConfigResourceAsStream(DefaultStandaloneContextAwareManagerFactory.java:78)
	at ro.isdc.wro.model.factory.XmlModelFactory.getInstance(XmlModelFactory.java:134)
	... 29 more
